<?xml version="1.0" encoding="UTF-8"?>
<testsuite xmlns:xsi="http://www.w3.org/2001/XMLSchema-instance" xsi:noNamespaceSchemaLocation="https://maven.apache.org/surefire/maven-surefire-plugin/xsd/surefire-test-report.xsd" name="TestSuite" time="32.006" tests="2" errors="0" skipped="0" failures="0">
  <properties>
[...]
</properties>
  <testcase name="addRemoveItem" classname="uk.co.automationtesting.AddRemoveItemBasketTest" time="20.161"/>
  <testcase name="endToEndTest" classname="uk.co.automationtesting.OrderCompleteTest" time="22.731"/>
</testsuite>